<?xml version="1.0" encoding="UTF-8"?>
<coverage generated="1588837344205" clover="3.2.0">
  <project timestamp="1588837344205" name="All files">
    <metrics statements="159" coveredstatements="139" conditionals="55" coveredconditionals="41" methods="68" coveredmethods="52" elements="282" coveredelements="232" complexity="0" loc="159" ncloc="159" packages="1" files="14" classes="14"/>
    <file name="app.jsx" path="/mnt/c/Users/joshua/Desktop/Git/image-gallery/client/src/components/app.jsx">
      <metrics statements="14" coveredstatements="6" conditionals="4" coveredconditionals="4" methods="7" coveredmethods="1"/>
      <line num="10" count="1" type="stmt"/>
      <line num="11" count="7" type="stmt"/>
      <line num="12" count="7" type="stmt"/>
      <line num="13" count="7" type="stmt"/>
      <line num="14" count="7" type="cond" truecount="2" falsecount="0"/>
      <line num="16" count="7" type="stmt"/>
      <line num="29" count="0" type="stmt"/>
      <line num="30" count="0" type="stmt"/>
      <line num="31" count="0" type="stmt"/>
      <line num="35" count="0" type="stmt"/>
      <line num="36" count="0" type="stmt"/>
      <line num="37" count="0" type="stmt"/>
      <line num="38" count="0" type="stmt"/>
      <line num="42" count="0" type="stmt"/>
    </file>
    <file name="buttons.jsx" path="/mnt/c/Users/joshua/Desktop/Git/image-gallery/client/src/components/buttons.jsx">
      <metrics statements="43" coveredstatements="43" conditionals="13" coveredconditionals="12" methods="19" coveredmethods="19"/>
      <line num="7" count="1" type="stmt"/>
      <line num="10" count="1" type="stmt"/>
      <line num="25" count="1" type="stmt"/>
      <line num="28" count="63" type="cond" truecount="2" falsecount="0"/>
      <line num="31" count="63" type="cond" truecount="2" falsecount="0"/>
      <line num="32" count="63" type="cond" truecount="2" falsecount="0"/>
      <line num="34" count="63" type="cond" truecount="2" falsecount="0"/>
      <line num="38" count="1" type="stmt"/>
      <line num="47" count="24" type="stmt"/>
      <line num="49" count="24" type="stmt"/>
      <line num="53" count="1" type="stmt"/>
      <line num="60" count="1" type="stmt"/>
      <line num="62" count="2" type="stmt"/>
      <line num="67" count="1" type="stmt"/>
      <line num="74" count="10" type="stmt"/>
      <line num="75" count="10" type="stmt"/>
      <line num="76" count="10" type="stmt"/>
      <line num="87" count="1" type="stmt"/>
      <line num="101" count="1" type="stmt"/>
      <line num="115" count="1" type="stmt"/>
      <line num="116" count="12" type="stmt"/>
      <line num="126" count="1" type="stmt"/>
      <line num="127" count="12" type="stmt"/>
      <line num="137" count="1" type="stmt"/>
      <line num="138" count="1" type="stmt"/>
      <line num="140" count="1" type="stmt"/>
      <line num="141" count="10" type="stmt"/>
      <line num="148" count="1" type="stmt"/>
      <line num="149" count="7" type="stmt"/>
      <line num="157" count="1" type="stmt"/>
      <line num="158" count="5" type="stmt"/>
      <line num="159" count="5" type="stmt"/>
      <line num="161" count="5" type="stmt"/>
      <line num="162" count="1" type="stmt"/>
      <line num="163" count="1" type="stmt"/>
      <line num="166" count="5" type="stmt"/>
      <line num="175" count="1" type="cond" truecount="2" falsecount="0"/>
      <line num="176" count="2" type="stmt"/>
      <line num="181" count="1" type="stmt"/>
      <line num="182" count="7" type="stmt"/>
      <line num="187" count="1" type="cond" truecount="0" falsecount="1"/>
      <line num="188" count="63" type="stmt"/>
      <line num="190" count="63" type="stmt"/>
    </file>
    <file name="carousel.jsx" path="/mnt/c/Users/joshua/Desktop/Git/image-gallery/client/src/components/carousel.jsx">
      <metrics statements="14" coveredstatements="14" conditionals="9" coveredconditionals="7" methods="3" coveredmethods="3"/>
      <line num="7" count="1" type="stmt"/>
      <line num="9" count="5" type="stmt"/>
      <line num="11" count="5" type="stmt"/>
      <line num="12" count="5" type="cond" truecount="2" falsecount="0"/>
      <line num="13" count="5" type="stmt"/>
      <line num="14" count="5" type="stmt"/>
      <line num="15" count="5" type="cond" truecount="1" falsecount="1"/>
      <line num="17" count="5" type="cond" truecount="1" falsecount="0"/>
      <line num="18" count="10" type="stmt"/>
      <line num="19" count="3" type="stmt"/>
      <line num="20" count="3" type="cond" truecount="2" falsecount="0"/>
      <line num="21" count="1" type="cond" truecount="1" falsecount="1"/>
      <line num="23" count="2" type="stmt"/>
      <line num="28" count="5" type="stmt"/>
    </file>
    <file name="carouselFixed.jsx" path="/mnt/c/Users/joshua/Desktop/Git/image-gallery/client/src/components/carouselFixed.jsx">
      <metrics statements="26" coveredstatements="19" conditionals="11" coveredconditionals="2" methods="12" coveredmethods="6"/>
      <line num="6" count="1" type="stmt"/>
      <line num="17" count="6" type="stmt"/>
      <line num="18" count="6" type="stmt"/>
      <line num="24" count="6" type="stmt"/>
      <line num="25" count="6" type="stmt"/>
      <line num="26" count="6" type="stmt"/>
      <line num="27" count="6" type="stmt"/>
      <line num="31" count="6" type="stmt"/>
      <line num="32" count="6" type="stmt"/>
      <line num="35" count="6" type="stmt"/>
      <line num="36" count="6" type="stmt"/>
      <line num="37" count="42" type="stmt"/>
      <line num="38" count="6" type="stmt"/>
      <line num="39" count="6" type="stmt"/>
      <line num="43" count="0" type="stmt"/>
      <line num="44" count="0" type="stmt"/>
      <line num="45" count="0" type="stmt"/>
      <line num="46" count="0" type="stmt"/>
      <line num="47" count="0" type="stmt"/>
      <line num="52" count="0" type="stmt"/>
      <line num="53" count="0" type="stmt"/>
      <line num="57" count="12" type="stmt"/>
      <line num="58" count="12" type="stmt"/>
      <line num="60" count="12" type="stmt"/>
      <line num="98" count="84" type="stmt"/>
      <line num="105" count="84" type="stmt"/>
    </file>
    <file name="container.jsx" path="/mnt/c/Users/joshua/Desktop/Git/image-gallery/client/src/components/container.jsx">
      <metrics statements="11" coveredstatements="11" conditionals="2" coveredconditionals="1" methods="4" coveredmethods="3"/>
      <line num="12" count="1" type="stmt"/>
      <line num="13" count="5" type="stmt"/>
      <line num="15" count="5" type="stmt"/>
      <line num="16" count="5" type="stmt"/>
      <line num="19" count="5" type="stmt"/>
      <line num="21" count="5" type="stmt"/>
      <line num="59" count="5" type="stmt"/>
      <line num="61" count="5" type="cond" truecount="1" falsecount="1"/>
      <line num="63" count="5" type="stmt"/>
      <line num="64" count="5" type="stmt"/>
      <line num="69" count="35" type="stmt"/>
    </file>
    <file name="containerHeader.jsx" path="/mnt/c/Users/joshua/Desktop/Git/image-gallery/client/src/components/containerHeader.jsx">
      <metrics statements="3" coveredstatements="3" conditionals="0" coveredconditionals="0" methods="2" coveredmethods="2"/>
      <line num="8" count="1" type="stmt"/>
      <line num="9" count="5" type="stmt"/>
      <line num="12" count="35" type="stmt"/>
    </file>
    <file name="containerMap.jsx" path="/mnt/c/Users/joshua/Desktop/Git/image-gallery/client/src/components/containerMap.jsx">
      <metrics statements="2" coveredstatements="2" conditionals="0" coveredconditionals="0" methods="1" coveredmethods="1"/>
      <line num="7" count="1" type="stmt"/>
      <line num="8" count="1" type="stmt"/>
    </file>
    <file name="containerMedia.jsx" path="/mnt/c/Users/joshua/Desktop/Git/image-gallery/client/src/components/containerMedia.jsx">
      <metrics statements="2" coveredstatements="2" conditionals="2" coveredconditionals="1" methods="1" coveredmethods="1"/>
      <line num="9" count="1" type="stmt"/>
      <line num="10" count="1" type="stmt"/>
    </file>
    <file name="mainImage.jsx" path="/mnt/c/Users/joshua/Desktop/Git/image-gallery/client/src/components/mainImage.jsx">
      <metrics statements="6" coveredstatements="6" conditionals="0" coveredconditionals="0" methods="2" coveredmethods="2"/>
      <line num="7" count="1" type="stmt"/>
      <line num="8" count="7" type="stmt"/>
      <line num="9" count="7" type="stmt"/>
      <line num="10" count="7" type="stmt"/>
      <line num="12" count="7" type="stmt"/>
      <line num="30" count="7" type="stmt"/>
    </file>
    <file name="map.jsx" path="/mnt/c/Users/joshua/Desktop/Git/image-gallery/client/src/components/map.jsx">
      <metrics statements="5" coveredstatements="2" conditionals="0" coveredconditionals="0" methods="2" coveredmethods="2"/>
      <line num="19" count="1" type="stmt"/>
      <line num="20" count="0" type="stmt"/>
      <line num="21" count="0" type="stmt"/>
      <line num="29" count="0" type="stmt"/>
      <line num="35" count="1" type="stmt"/>
    </file>
    <file name="modal.jsx" path="/mnt/c/Users/joshua/Desktop/Git/image-gallery/client/src/components/modal.jsx">
      <metrics statements="11" coveredstatements="9" conditionals="2" coveredconditionals="2" methods="4" coveredmethods="2"/>
      <line num="6" count="1" type="stmt"/>
      <line num="7" count="5" type="stmt"/>
      <line num="8" count="5" type="stmt"/>
      <line num="10" count="5" type="stmt"/>
      <line num="11" count="0" type="stmt"/>
      <line num="12" count="0" type="stmt"/>
      <line num="15" count="5" type="stmt"/>
      <line num="16" count="2" type="cond" truecount="2" falsecount="0"/>
      <line num="17" count="1" type="stmt"/>
      <line num="18" count="1" type="stmt"/>
      <line num="23" count="5" type="stmt"/>
    </file>
    <file name="scheduleTour.jsx" path="/mnt/c/Users/joshua/Desktop/Git/image-gallery/client/src/components/scheduleTour.jsx">
      <metrics statements="6" coveredstatements="6" conditionals="0" coveredconditionals="0" methods="3" coveredmethods="2"/>
      <line num="6" count="1" type="stmt"/>
      <line num="9" count="1" type="stmt"/>
      <line num="19" count="1" type="stmt"/>
      <line num="29" count="1" type="stmt"/>
      <line num="31" count="2" type="stmt"/>
      <line num="60" count="14" type="stmt"/>
    </file>
    <file name="slide.jsx" path="/mnt/c/Users/joshua/Desktop/Git/image-gallery/client/src/components/slide.jsx">
      <metrics statements="2" coveredstatements="2" conditionals="0" coveredconditionals="0" methods="1" coveredmethods="1"/>
      <line num="5" count="1" type="stmt"/>
      <line num="7" count="15" type="stmt"/>
    </file>
    <file name="styles.jsx" path="/mnt/c/Users/joshua/Desktop/Git/image-gallery/client/src/components/styles.jsx">
      <metrics statements="14" coveredstatements="14" conditionals="12" coveredconditionals="12" methods="7" coveredmethods="7"/>
      <line num="3" count="1" type="stmt"/>
      <line num="16" count="136" type="cond" truecount="2" falsecount="0"/>
      <line num="18" count="136" type="cond" truecount="2" falsecount="0"/>
      <line num="28" count="1" type="stmt"/>
      <line num="30" count="38" type="cond" truecount="2" falsecount="0"/>
      <line num="31" count="38" type="cond" truecount="2" falsecount="0"/>
      <line num="32" count="38" type="cond" truecount="2" falsecount="0"/>
      <line num="33" count="38" type="cond" truecount="2" falsecount="0"/>
      <line num="36" count="1" type="stmt"/>
      <line num="37" count="6" type="stmt"/>
      <line num="40" count="1" type="stmt"/>
      <line num="47" count="1" type="stmt"/>
      <line num="51" count="1" type="stmt"/>
      <line num="63" count="1" type="stmt"/>
    </file>
  </project>
</coverage>
