{"/mnt/c/Users/joshua/Desktop/Git/image-gallery/client/src/components/app.jsx": {"path":"/mnt/c/Users/joshua/Desktop/Git/image-gallery/client/src/components/app.jsx","statementMap":{"0":{"start":{"line":10,"column":20},"end":{"line":25,"column":1}},"1":{"start":{"line":11,"column":19},"end":{"line":11,"column":32}},"2":{"start":{"line":12,"column":17},"end":{"line":12,"column":28}},"3":{"start":{"line":13,"column":18},"end":{"line":13,"column":33}},"4":{"start":{"line":14,"column":21},"end":{"line":14,"column":64}},"5":{"start":{"line":16,"column":2},"end":{"line":24,"column":3}},"6":{"start":{"line":29,"column":4},"end":{"line":29,"column":17}},"7":{"start":{"line":30,"column":4},"end":{"line":30,"column":63}},"8":{"start":{"line":31,"column":4},"end":{"line":31,"column":45}},"9":{"start":{"line":35,"column":4},"end":{"line":38,"column":38}},"10":{"start":{"line":36,"column":22},"end":{"line":36,"column":37}},"11":{"start":{"line":37,"column":18},"end":{"line":37,"column":41}},"12":{"start":{"line":38,"column":18},"end":{"line":38,"column":36}},"13":{"start":{"line":42,"column":4},"end":{"line":46,"column":6}}},"fnMap":{"0":{"name":"(anonymous_0)","decl":{"start":{"line":10,"column":20},"end":{"line":10,"column":21}},"loc":{"start":{"line":10,"column":34},"end":{"line":25,"column":1}},"line":10},"1":{"name":"(anonymous_1)","decl":{"start":{"line":28,"column":2},"end":{"line":28,"column":3}},"loc":{"start":{"line":28,"column":21},"end":{"line":32,"column":3}},"line":28},"2":{"name":"(anonymous_2)","decl":{"start":{"line":34,"column":2},"end":{"line":34,"column":3}},"loc":{"start":{"line":34,"column":22},"end":{"line":39,"column":3}},"line":34},"3":{"name":"(anonymous_3)","decl":{"start":{"line":36,"column":10},"end":{"line":36,"column":11}},"loc":{"start":{"line":36,"column":22},"end":{"line":36,"column":37}},"line":36},"4":{"name":"(anonymous_4)","decl":{"start":{"line":37,"column":10},"end":{"line":37,"column":11}},"loc":{"start":{"line":37,"column":18},"end":{"line":37,"column":41}},"line":37},"5":{"name":"(anonymous_5)","decl":{"start":{"line":38,"column":11},"end":{"line":38,"column":12}},"loc":{"start":{"line":38,"column":18},"end":{"line":38,"column":36}},"line":38},"6":{"name":"(anonymous_6)","decl":{"start":{"line":41,"column":2},"end":{"line":41,"column":3}},"loc":{"start":{"line":41,"column":11},"end":{"line":47,"column":3}},"line":41}},"branchMap":{"0":{"loc":{"start":{"line":14,"column":21},"end":{"line":14,"column":64}},"type":"binary-expr","locations":[{"start":{"line":14,"column":21},"end":{"line":14,"column":35}},{"start":{"line":14,"column":39},"end":{"line":14,"column":64}}],"line":14},"1":{"loc":{"start":{"line":22,"column":7},"end":{"line":22,"column":87}},"type":"binary-expr","locations":[{"start":{"line":22,"column":7},"end":{"line":22,"column":17}},{"start":{"line":22,"column":21},"end":{"line":22,"column":87}}],"line":22}},"s":{"0":1,"1":7,"2":7,"3":7,"4":7,"5":7,"6":0,"7":0,"8":0,"9":0,"10":0,"11":0,"12":0,"13":0},"f":{"0":7,"1":0,"2":0,"3":0,"4":0,"5":0,"6":0},"b":{"0":[7,3],"1":[7,3]},"_coverageSchema":"1a1c01bbd47fc00a2c39e90264f33305004495a9","hash":"6fce7766598d25b79cb0811827ab4aab7d6e0b4d"}
,"/mnt/c/Users/joshua/Desktop/Git/image-gallery/client/src/components/buttons.jsx": {"path":"/mnt/c/Users/joshua/Desktop/Git/image-gallery/client/src/components/buttons.jsx","statementMap":{"0":{"start":{"line":7,"column":13},"end":{"line":8,"column":1}},"1":{"start":{"line":10,"column":15},"end":{"line":23,"column":1}},"2":{"start":{"line":25,"column":18},"end":{"line":36,"column":1}},"3":{"start":{"line":28,"column":36},"end":{"line":28,"column":63}},"4":{"start":{"line":31,"column":29},"end":{"line":31,"column":78}},"5":{"start":{"line":32,"column":34},"end":{"line":32,"column":92}},"6":{"start":{"line":34,"column":42},"end":{"line":34,"column":78}},"7":{"start":{"line":38,"column":18},"end":{"line":51,"column":1}},"8":{"start":{"line":47,"column":33},"end":{"line":47,"column":50}},"9":{"start":{"line":49,"column":27},"end":{"line":49,"column":38}},"10":{"start":{"line":53,"column":0},"end":{"line":58,"column":1}},"11":{"start":{"line":60,"column":23},"end":{"line":65,"column":1}},"12":{"start":{"line":62,"column":26},"end":{"line":62,"column":31}},"13":{"start":{"line":67,"column":20},"end":{"line":85,"column":1}},"14":{"start":{"line":74,"column":22},"end":{"line":74,"column":25}},"15":{"start":{"line":75,"column":24},"end":{"line":75,"column":28}},"16":{"start":{"line":76,"column":26},"end":{"line":76,"column":31}},"17":{"start":{"line":87,"column":22},"end":{"line":99,"column":1}},"18":{"start":{"line":101,"column":19},"end":{"line":113,"column":1}},"19":{"start":{"line":115,"column":13},"end":{"line":124,"column":1}},"20":{"start":{"line":116,"column":2},"end":{"line":123,"column":14}},"21":{"start":{"line":126,"column":14},"end":{"line":135,"column":1}},"22":{"start":{"line":127,"column":2},"end":{"line":134,"column":14}},"23":{"start":{"line":137,"column":14},"end":{"line":137,"column":91}},"24":{"start":{"line":138,"column":15},"end":{"line":138,"column":92}},"25":{"start":{"line":140,"column":20},"end":{"line":146,"column":1}},"26":{"start":{"line":141,"column":2},"end":{"line":145,"column":16}},"27":{"start":{"line":148,"column":16},"end":{"line":155,"column":1}},"28":{"start":{"line":149,"column":2},"end":{"line":154,"column":18}},"29":{"start":{"line":157,"column":13},"end":{"line":173,"column":1}},"30":{"start":{"line":158,"column":18},"end":{"line":158,"column":30}},"31":{"start":{"line":159,"column":20},"end":{"line":159,"column":33}},"32":{"start":{"line":161,"column":18},"end":{"line":164,"column":3}},"33":{"start":{"line":162,"column":4},"end":{"line":162,"column":28}},"34":{"start":{"line":163,"column":4},"end":{"line":163,"column":44}},"35":{"start":{"line":166,"column":2},"end":{"line":172,"column":3}},"36":{"start":{"line":175,"column":17},"end":{"line":179,"column":1}},"37":{"start":{"line":176,"column":2},"end":{"line":178,"column":8}},"38":{"start":{"line":181,"column":12},"end":{"line":185,"column":1}},"39":{"start":{"line":182,"column":2},"end":{"line":184,"column":9}},"40":{"start":{"line":187,"column":12},"end":{"line":199,"column":1}},"41":{"start":{"line":188,"column":20},"end":{"line":188,"column":33}},"42":{"start":{"line":190,"column":2},"end":{"line":198,"column":3}}},"fnMap":{"0":{"name":"(anonymous_0)","decl":{"start":{"line":28,"column":18},"end":{"line":28,"column":19}},"loc":{"start":{"line":28,"column":36},"end":{"line":28,"column":63}},"line":28},"1":{"name":"(anonymous_1)","decl":{"start":{"line":31,"column":11},"end":{"line":31,"column":12}},"loc":{"start":{"line":31,"column":29},"end":{"line":31,"column":78}},"line":31},"2":{"name":"(anonymous_2)","decl":{"start":{"line":32,"column":16},"end":{"line":32,"column":17}},"loc":{"start":{"line":32,"column":34},"end":{"line":32,"column":92}},"line":32},"3":{"name":"(anonymous_3)","decl":{"start":{"line":34,"column":24},"end":{"line":34,"column":25}},"loc":{"start":{"line":34,"column":42},"end":{"line":34,"column":78}},"line":34},"4":{"name":"(anonymous_4)","decl":{"start":{"line":47,"column":18},"end":{"line":47,"column":19}},"loc":{"start":{"line":47,"column":33},"end":{"line":47,"column":50}},"line":47},"5":{"name":"(anonymous_5)","decl":{"start":{"line":49,"column":12},"end":{"line":49,"column":13}},"loc":{"start":{"line":49,"column":27},"end":{"line":49,"column":38}},"line":49},"6":{"name":"(anonymous_6)","decl":{"start":{"line":62,"column":11},"end":{"line":62,"column":12}},"loc":{"start":{"line":62,"column":26},"end":{"line":62,"column":31}},"line":62},"7":{"name":"(anonymous_7)","decl":{"start":{"line":74,"column":9},"end":{"line":74,"column":10}},"loc":{"start":{"line":74,"column":22},"end":{"line":74,"column":25}},"line":74},"8":{"name":"(anonymous_8)","decl":{"start":{"line":75,"column":10},"end":{"line":75,"column":11}},"loc":{"start":{"line":75,"column":24},"end":{"line":75,"column":28}},"line":75},"9":{"name":"(anonymous_9)","decl":{"start":{"line":76,"column":11},"end":{"line":76,"column":12}},"loc":{"start":{"line":76,"column":26},"end":{"line":76,"column":31}},"line":76},"10":{"name":"(anonymous_10)","decl":{"start":{"line":115,"column":13},"end":{"line":115,"column":14}},"loc":{"start":{"line":116,"column":2},"end":{"line":123,"column":14}},"line":116},"11":{"name":"(anonymous_11)","decl":{"start":{"line":126,"column":14},"end":{"line":126,"column":15}},"loc":{"start":{"line":127,"column":2},"end":{"line":134,"column":14}},"line":127},"12":{"name":"(anonymous_12)","decl":{"start":{"line":140,"column":20},"end":{"line":140,"column":21}},"loc":{"start":{"line":141,"column":2},"end":{"line":145,"column":16}},"line":141},"13":{"name":"(anonymous_13)","decl":{"start":{"line":148,"column":16},"end":{"line":148,"column":17}},"loc":{"start":{"line":149,"column":2},"end":{"line":154,"column":18}},"line":149},"14":{"name":"(anonymous_14)","decl":{"start":{"line":157,"column":13},"end":{"line":157,"column":14}},"loc":{"start":{"line":157,"column":21},"end":{"line":173,"column":1}},"line":157},"15":{"name":"(anonymous_15)","decl":{"start":{"line":161,"column":18},"end":{"line":161,"column":19}},"loc":{"start":{"line":161,"column":29},"end":{"line":164,"column":3}},"line":161},"16":{"name":"(anonymous_16)","decl":{"start":{"line":175,"column":17},"end":{"line":175,"column":18}},"loc":{"start":{"line":176,"column":2},"end":{"line":178,"column":8}},"line":176},"17":{"name":"(anonymous_17)","decl":{"start":{"line":181,"column":12},"end":{"line":181,"column":13}},"loc":{"start":{"line":182,"column":2},"end":{"line":184,"column":9}},"line":182},"18":{"name":"(anonymous_18)","decl":{"start":{"line":187,"column":12},"end":{"line":187,"column":13}},"loc":{"start":{"line":187,"column":63},"end":{"line":199,"column":1}},"line":187}},"branchMap":{"0":{"loc":{"start":{"line":28,"column":36},"end":{"line":28,"column":63}},"type":"cond-expr","locations":[{"start":{"line":28,"column":47},"end":{"line":28,"column":54}},{"start":{"line":28,"column":57},"end":{"line":28,"column":63}}],"line":28},"1":{"loc":{"start":{"line":31,"column":29},"end":{"line":31,"column":78}},"type":"cond-expr","locations":[{"start":{"line":31,"column":40},"end":{"line":31,"column":58}},{"start":{"line":31,"column":61},"end":{"line":31,"column":78}}],"line":31},"2":{"loc":{"start":{"line":32,"column":34},"end":{"line":32,"column":92}},"type":"cond-expr","locations":[{"start":{"line":32,"column":45},"end":{"line":32,"column":87}},{"start":{"line":32,"column":90},"end":{"line":32,"column":92}}],"line":32},"3":{"loc":{"start":{"line":34,"column":42},"end":{"line":34,"column":78}},"type":"cond-expr","locations":[{"start":{"line":34,"column":53},"end":{"line":34,"column":55}},{"start":{"line":34,"column":58},"end":{"line":34,"column":78}}],"line":34},"4":{"loc":{"start":{"line":143,"column":15},"end":{"line":143,"column":49}},"type":"cond-expr","locations":[{"start":{"line":143,"column":35},"end":{"line":143,"column":41}},{"start":{"line":143,"column":44},"end":{"line":143,"column":49}}],"line":143},"5":{"loc":{"start":{"line":175,"column":20},"end":{"line":175,"column":34}},"type":"default-arg","locations":[{"start":{"line":175,"column":28},"end":{"line":175,"column":34}}],"line":175},"6":{"loc":{"start":{"line":175,"column":36},"end":{"line":175,"column":51}},"type":"default-arg","locations":[{"start":{"line":175,"column":46},"end":{"line":175,"column":51}}],"line":175},"7":{"loc":{"start":{"line":187,"column":41},"end":{"line":187,"column":57}},"type":"default-arg","locations":[{"start":{"line":187,"column":52},"end":{"line":187,"column":57}}],"line":187}},"s":{"0":1,"1":1,"2":1,"3":63,"4":63,"5":63,"6":63,"7":1,"8":24,"9":24,"10":1,"11":1,"12":2,"13":1,"14":10,"15":10,"16":10,"17":1,"18":1,"19":1,"20":12,"21":1,"22":12,"23":1,"24":1,"25":1,"26":10,"27":1,"28":7,"29":1,"30":5,"31":5,"32":5,"33":1,"34":1,"35":5,"36":1,"37":2,"38":1,"39":7,"40":1,"41":63,"42":63},"f":{"0":63,"1":63,"2":63,"3":63,"4":24,"5":24,"6":2,"7":10,"8":10,"9":10,"10":12,"11":12,"12":10,"13":7,"14":5,"15":1,"16":2,"17":7,"18":63},"b":{"0":[9,54],"1":[9,54],"2":[9,54],"3":[9,54],"4":[5,5],"5":[2],"6":[2],"7":[0]},"_coverageSchema":"1a1c01bbd47fc00a2c39e90264f33305004495a9","hash":"6f4a9e3cceb4a992e21f125055df8178f773d4e0"}
,"/mnt/c/Users/joshua/Desktop/Git/image-gallery/client/src/components/carousel.jsx": {"path":"/mnt/c/Users/joshua/Desktop/Git/image-gallery/client/src/components/carousel.jsx","statementMap":{"0":{"start":{"line":7,"column":17},"end":{"line":53,"column":1}},"1":{"start":{"line":9,"column":28},"end":{"line":9,"column":39}},"2":{"start":{"line":11,"column":47},"end":{"line":11,"column":51}},"3":{"start":{"line":12,"column":15},"end":{"line":12,"column":64}},"4":{"start":{"line":13,"column":16},"end":{"line":13,"column":46}},"5":{"start":{"line":14,"column":15},"end":{"line":14,"column":59}},"6":{"start":{"line":15,"column":17},"end":{"line":15,"column":67}},"7":{"start":{"line":17,"column":19},"end":{"line":26,"column":3}},"8":{"start":{"line":18,"column":4},"end":{"line":25,"column":6}},"9":{"start":{"line":19,"column":6},"end":{"line":19,"column":29}},"10":{"start":{"line":20,"column":6},"end":{"line":24,"column":7}},"11":{"start":{"line":21,"column":8},"end":{"line":21,"column":62}},"12":{"start":{"line":23,"column":8},"end":{"line":23,"column":49}},"13":{"start":{"line":28,"column":2},"end":{"line":52,"column":3}}},"fnMap":{"0":{"name":"(anonymous_0)","decl":{"start":{"line":7,"column":17},"end":{"line":7,"column":18}},"loc":{"start":{"line":7,"column":43},"end":{"line":53,"column":1}},"line":7},"1":{"name":"(anonymous_1)","decl":{"start":{"line":17,"column":19},"end":{"line":17,"column":20}},"loc":{"start":{"line":17,"column":41},"end":{"line":26,"column":3}},"line":17},"2":{"name":"(anonymous_2)","decl":{"start":{"line":18,"column":11},"end":{"line":18,"column":12}},"loc":{"start":{"line":18,"column":27},"end":{"line":25,"column":5}},"line":18}},"branchMap":{"0":{"loc":{"start":{"line":12,"column":15},"end":{"line":12,"column":64}},"type":"cond-expr","locations":[{"start":{"line":12,"column":32},"end":{"line":12,"column":52}},{"start":{"line":12,"column":55},"end":{"line":12,"column":64}}],"line":12},"1":{"loc":{"start":{"line":15,"column":17},"end":{"line":15,"column":67}},"type":"cond-expr","locations":[{"start":{"line":15,"column":38},"end":{"line":15,"column":62}},{"start":{"line":15,"column":65},"end":{"line":15,"column":67}}],"line":15},"2":{"loc":{"start":{"line":17,"column":28},"end":{"line":17,"column":39}},"type":"default-arg","locations":[{"start":{"line":17,"column":35},"end":{"line":17,"column":39}}],"line":17},"3":{"loc":{"start":{"line":20,"column":6},"end":{"line":24,"column":7}},"type":"if","locations":[{"start":{"line":20,"column":6},"end":{"line":24,"column":7}},{"start":{"line":20,"column":6},"end":{"line":24,"column":7}}],"line":20},"4":{"loc":{"start":{"line":21,"column":17},"end":{"line":21,"column":60}},"type":"cond-expr","locations":[{"start":{"line":21,"column":28},"end":{"line":21,"column":48}},{"start":{"line":21,"column":51},"end":{"line":21,"column":60}}],"line":21}},"s":{"0":1,"1":5,"2":5,"3":5,"4":5,"5":5,"6":5,"7":5,"8":10,"9":3,"10":3,"11":1,"12":2,"13":5},"f":{"0":5,"1":10,"2":3},"b":{"0":[3,2],"1":[0,5],"2":[5],"3":[1,2],"4":[1,0]},"_coverageSchema":"1a1c01bbd47fc00a2c39e90264f33305004495a9","hash":"c0d966c390c408f4785a90dcb22a40d888dbad02"}
,"/mnt/c/Users/joshua/Desktop/Git/image-gallery/client/src/components/carouselFixed.jsx": {"path":"/mnt/c/Users/joshua/Desktop/Git/image-gallery/client/src/components/carouselFixed.jsx","statementMap":{"0":{"start":{"line":6,"column":15},"end":{"line":13,"column":1}},"1":{"start":{"line":17,"column":4},"end":{"line":17,"column":17}},"2":{"start":{"line":18,"column":4},"end":{"line":23,"column":6}},"3":{"start":{"line":24,"column":4},"end":{"line":24,"column":43}},"4":{"start":{"line":25,"column":4},"end":{"line":25,"column":43}},"5":{"start":{"line":26,"column":4},"end":{"line":26,"column":41}},"6":{"start":{"line":27,"column":4},"end":{"line":27,"column":33}},"7":{"start":{"line":31,"column":4},"end":{"line":31,"column":51}},"8":{"start":{"line":32,"column":4},"end":{"line":32,"column":18}},"9":{"start":{"line":35,"column":15},"end":{"line":35,"column":16}},"10":{"start":{"line":36,"column":21},"end":{"line":36,"column":37}},"11":{"start":{"line":37,"column":4},"end":{"line":37,"column":70}},"12":{"start":{"line":37,"column":42},"end":{"line":37,"column":67}},"13":{"start":{"line":38,"column":4},"end":{"line":38,"column":47}},"14":{"start":{"line":39,"column":4},"end":{"line":39,"column":137}},"15":{"start":{"line":43,"column":22},"end":{"line":43,"column":26}},"16":{"start":{"line":44,"column":18},"end":{"line":44,"column":71}},"17":{"start":{"line":44,"column":28},"end":{"line":44,"column":70}},"18":{"start":{"line":45,"column":4},"end":{"line":48,"column":5}},"19":{"start":{"line":46,"column":23},"end":{"line":46,"column":44}},"20":{"start":{"line":47,"column":6},"end":{"line":47,"column":158}},"21":{"start":{"line":47,"column":37},"end":{"line":47,"column":78}},"22":{"start":{"line":47,"column":88},"end":{"line":47,"column":155}},"23":{"start":{"line":52,"column":15},"end":{"line":52,"column":44}},"24":{"start":{"line":53,"column":4},"end":{"line":53,"column":46}},"25":{"start":{"line":57,"column":31},"end":{"line":57,"column":41}},"26":{"start":{"line":58,"column":28},"end":{"line":58,"column":38}},"27":{"start":{"line":60,"column":4},"end":{"line":110,"column":5}},"28":{"start":{"line":98,"column":24},"end":{"line":104,"column":11}},"29":{"start":{"line":105,"column":10},"end":{"line":105,"column":50}}},"fnMap":{"0":{"name":"(anonymous_0)","decl":{"start":{"line":16,"column":2},"end":{"line":16,"column":3}},"loc":{"start":{"line":16,"column":21},"end":{"line":28,"column":3}},"line":16},"1":{"name":"(anonymous_1)","decl":{"start":{"line":30,"column":2},"end":{"line":30,"column":3}},"loc":{"start":{"line":30,"column":22},"end":{"line":33,"column":3}},"line":30},"2":{"name":"(anonymous_2)","decl":{"start":{"line":34,"column":2},"end":{"line":34,"column":3}},"loc":{"start":{"line":34,"column":16},"end":{"line":40,"column":3}},"line":34},"3":{"name":"(anonymous_3)","decl":{"start":{"line":37,"column":32},"end":{"line":37,"column":33}},"loc":{"start":{"line":37,"column":41},"end":{"line":37,"column":68}},"line":37},"4":{"name":"(anonymous_4)","decl":{"start":{"line":42,"column":2},"end":{"line":42,"column":3}},"loc":{"start":{"line":42,"column":19},"end":{"line":49,"column":3}},"line":42},"5":{"name":"(anonymous_5)","decl":{"start":{"line":44,"column":18},"end":{"line":44,"column":19}},"loc":{"start":{"line":44,"column":28},"end":{"line":44,"column":70}},"line":44},"6":{"name":"(anonymous_6)","decl":{"start":{"line":45,"column":11},"end":{"line":45,"column":12}},"loc":{"start":{"line":45,"column":28},"end":{"line":48,"column":5}},"line":45},"7":{"name":"(anonymous_7)","decl":{"start":{"line":47,"column":25},"end":{"line":47,"column":26}},"loc":{"start":{"line":47,"column":37},"end":{"line":47,"column":78}},"line":47},"8":{"name":"(anonymous_8)","decl":{"start":{"line":47,"column":81},"end":{"line":47,"column":82}},"loc":{"start":{"line":47,"column":87},"end":{"line":47,"column":156}},"line":47},"9":{"name":"(anonymous_9)","decl":{"start":{"line":51,"column":2},"end":{"line":51,"column":3}},"loc":{"start":{"line":51,"column":17},"end":{"line":54,"column":3}},"line":51},"10":{"name":"(anonymous_10)","decl":{"start":{"line":56,"column":2},"end":{"line":56,"column":3}},"loc":{"start":{"line":56,"column":11},"end":{"line":111,"column":3}},"line":56},"11":{"name":"(anonymous_11)","decl":{"start":{"line":97,"column":49},"end":{"line":97,"column":50}},"loc":{"start":{"line":97,"column":65},"end":{"line":106,"column":9}},"line":97}},"branchMap":{"0":{"loc":{"start":{"line":42,"column":10},"end":{"line":42,"column":17}},"type":"default-arg","locations":[{"start":{"line":42,"column":16},"end":{"line":42,"column":17}}],"line":42},"1":{"loc":{"start":{"line":64,"column":7},"end":{"line":78,"column":17}},"type":"binary-expr","locations":[{"start":{"line":64,"column":8},"end":{"line":64,"column":15}},{"start":{"line":64,"column":19},"end":{"line":64,"column":41}},{"start":{"line":65,"column":6},"end":{"line":78,"column":17}}],"line":64},"2":{"loc":{"start":{"line":66,"column":9},"end":{"line":76,"column":11}},"type":"cond-expr","locations":[{"start":{"line":67,"column":12},"end":{"line":67,"column":66}},{"start":{"line":69,"column":12},"end":{"line":75,"column":21}}],"line":66},"3":{"loc":{"start":{"line":80,"column":7},"end":{"line":94,"column":17}},"type":"binary-expr","locations":[{"start":{"line":80,"column":8},"end":{"line":80,"column":15}},{"start":{"line":80,"column":19},"end":{"line":80,"column":28}},{"start":{"line":81,"column":6},"end":{"line":94,"column":17}}],"line":80},"4":{"loc":{"start":{"line":82,"column":9},"end":{"line":92,"column":11}},"type":"cond-expr","locations":[{"start":{"line":83,"column":12},"end":{"line":83,"column":67}},{"start":{"line":85,"column":12},"end":{"line":91,"column":21}}],"line":82}},"s":{"0":1,"1":6,"2":6,"3":6,"4":6,"5":6,"6":6,"7":6,"8":6,"9":6,"10":6,"11":6,"12":42,"13":6,"14":6,"15":0,"16":0,"17":0,"18":0,"19":0,"20":0,"21":0,"22":0,"23":0,"24":0,"25":12,"26":12,"27":12,"28":84,"29":84},"f":{"0":6,"1":6,"2":6,"3":42,"4":0,"5":0,"6":0,"7":0,"8":0,"9":0,"10":12,"11":84},"b":{"0":[0],"1":[12,0,0],"2":[0,0],"3":[12,0,0],"4":[0,0]},"_coverageSchema":"1a1c01bbd47fc00a2c39e90264f33305004495a9","hash":"13ff32ea79a1dd058ed0a74cfbdf9694f435b991"}
,"/mnt/c/Users/joshua/Desktop/Git/image-gallery/client/src/components/container.jsx": {"path":"/mnt/c/Users/joshua/Desktop/Git/image-gallery/client/src/components/container.jsx","statementMap":{"0":{"start":{"line":12,"column":18},"end":{"line":74,"column":1}},"1":{"start":{"line":13,"column":33},"end":{"line":13,"column":60}},"2":{"start":{"line":15,"column":2},"end":{"line":17,"column":5}},"3":{"start":{"line":16,"column":4},"end":{"line":16,"column":73}},"4":{"start":{"line":16,"column":44},"end":{"line":16,"column":71}},"5":{"start":{"line":19,"column":19},"end":{"line":19,"column":34}},"6":{"start":{"line":21,"column":17},"end":{"line":57,"column":3}},"7":{"start":{"line":59,"column":16},"end":{"line":59,"column":57}},"8":{"start":{"line":61,"column":2},"end":{"line":61,"column":143}},"9":{"start":{"line":61,"column":24},"end":{"line":61,"column":143}},"10":{"start":{"line":63,"column":18},"end":{"line":63,"column":31}},"11":{"start":{"line":64,"column":2},"end":{"line":73,"column":3}},"12":{"start":{"line":69,"column":47},"end":{"line":69,"column":94}}},"fnMap":{"0":{"name":"(anonymous_0)","decl":{"start":{"line":12,"column":18},"end":{"line":12,"column":19}},"loc":{"start":{"line":12,"column":32},"end":{"line":74,"column":1}},"line":12},"1":{"name":"(anonymous_1)","decl":{"start":{"line":15,"column":12},"end":{"line":15,"column":13}},"loc":{"start":{"line":15,"column":18},"end":{"line":17,"column":3}},"line":15},"2":{"name":"(anonymous_2)","decl":{"start":{"line":16,"column":38},"end":{"line":16,"column":39}},"loc":{"start":{"line":16,"column":44},"end":{"line":16,"column":71}},"line":16},"3":{"name":"(anonymous_3)","decl":{"start":{"line":69,"column":22},"end":{"line":69,"column":23}},"loc":{"start":{"line":69,"column":47},"end":{"line":69,"column":94}},"line":69}},"branchMap":{"0":{"loc":{"start":{"line":61,"column":2},"end":{"line":61,"column":143}},"type":"if","locations":[{"start":{"line":61,"column":2},"end":{"line":61,"column":143}},{"start":{"line":61,"column":2},"end":{"line":61,"column":143}}],"line":61}},"s":{"0":1,"1":5,"2":5,"3":5,"4":0,"5":5,"6":5,"7":5,"8":5,"9":5,"10":5,"11":5,"12":35},"f":{"0":5,"1":5,"2":0,"3":35},"b":{"0":[5,0]},"_coverageSchema":"1a1c01bbd47fc00a2c39e90264f33305004495a9","hash":"5122cda7e650beb3eb806d4ee9d4df737c98bc5c"}
,"/mnt/c/Users/joshua/Desktop/Git/image-gallery/client/src/components/containerHeader.jsx": {"path":"/mnt/c/Users/joshua/Desktop/Git/image-gallery/client/src/components/containerHeader.jsx","statementMap":{"0":{"start":{"line":8,"column":24},"end":{"line":23,"column":1}},"1":{"start":{"line":9,"column":2},"end":{"line":22,"column":18}},"2":{"start":{"line":12,"column":47},"end":{"line":12,"column":90}}},"fnMap":{"0":{"name":"(anonymous_0)","decl":{"start":{"line":8,"column":24},"end":{"line":8,"column":25}},"loc":{"start":{"line":9,"column":2},"end":{"line":22,"column":18}},"line":9},"1":{"name":"(anonymous_1)","decl":{"start":{"line":12,"column":20},"end":{"line":12,"column":21}},"loc":{"start":{"line":12,"column":47},"end":{"line":12,"column":90}},"line":12}},"branchMap":{},"s":{"0":1,"1":5,"2":35},"f":{"0":5,"1":35},"b":{},"_coverageSchema":"1a1c01bbd47fc00a2c39e90264f33305004495a9","hash":"9d2de7671adac985ffb269969ab47a212afcf56f"}
,"/mnt/c/Users/joshua/Desktop/Git/image-gallery/client/src/components/containerMap.jsx": {"path":"/mnt/c/Users/joshua/Desktop/Git/image-gallery/client/src/components/containerMap.jsx","statementMap":{"0":{"start":{"line":7,"column":21},"end":{"line":14,"column":1}},"1":{"start":{"line":8,"column":2},"end":{"line":13,"column":8}}},"fnMap":{"0":{"name":"(anonymous_0)","decl":{"start":{"line":7,"column":21},"end":{"line":7,"column":22}},"loc":{"start":{"line":8,"column":2},"end":{"line":13,"column":8}},"line":8}},"branchMap":{},"s":{"0":1,"1":1},"f":{"0":1},"b":{},"_coverageSchema":"1a1c01bbd47fc00a2c39e90264f33305004495a9","hash":"9f691b13101b88addec596a08bd75ca9d082a4c8"}
,"/mnt/c/Users/joshua/Desktop/Git/image-gallery/client/src/components/containerMedia.jsx": {"path":"/mnt/c/Users/joshua/Desktop/Git/image-gallery/client/src/components/containerMedia.jsx","statementMap":{"0":{"start":{"line":9,"column":23},"end":{"line":33,"column":1}},"1":{"start":{"line":10,"column":2},"end":{"line":32,"column":21}}},"fnMap":{"0":{"name":"(anonymous_0)","decl":{"start":{"line":9,"column":23},"end":{"line":9,"column":24}},"loc":{"start":{"line":10,"column":2},"end":{"line":32,"column":21}},"line":10}},"branchMap":{"0":{"loc":{"start":{"line":17,"column":7},"end":{"line":28,"column":9}},"type":"cond-expr","locations":[{"start":{"line":19,"column":8},"end":{"line":23,"column":14}},{"start":{"line":25,"column":8},"end":{"line":27,"column":19}}],"line":17}},"s":{"0":1,"1":1},"f":{"0":1},"b":{"0":[1,0]},"_coverageSchema":"1a1c01bbd47fc00a2c39e90264f33305004495a9","hash":"fc00f1941bd7ff59855c0329434f932de54959a5"}
,"/mnt/c/Users/joshua/Desktop/Git/image-gallery/client/src/components/mainImage.jsx": {"path":"/mnt/c/Users/joshua/Desktop/Git/image-gallery/client/src/components/mainImage.jsx","statementMap":{"0":{"start":{"line":7,"column":18},"end":{"line":42,"column":1}},"1":{"start":{"line":8,"column":39},"end":{"line":8,"column":43}},"2":{"start":{"line":9,"column":19},"end":{"line":9,"column":32}},"3":{"start":{"line":10,"column":18},"end":{"line":10,"column":33}},"4":{"start":{"line":12,"column":2},"end":{"line":41,"column":3}},"5":{"start":{"line":30,"column":48},"end":{"line":30,"column":74}}},"fnMap":{"0":{"name":"(anonymous_0)","decl":{"start":{"line":7,"column":18},"end":{"line":7,"column":19}},"loc":{"start":{"line":7,"column":32},"end":{"line":42,"column":1}},"line":7},"1":{"name":"(anonymous_1)","decl":{"start":{"line":30,"column":33},"end":{"line":30,"column":34}},"loc":{"start":{"line":30,"column":48},"end":{"line":30,"column":74}},"line":30}},"branchMap":{},"s":{"0":1,"1":7,"2":7,"3":7,"4":7,"5":7},"f":{"0":7,"1":7},"b":{},"_coverageSchema":"1a1c01bbd47fc00a2c39e90264f33305004495a9","hash":"7228637732b154a006874902dc5ccd1e3792bcec"}
,"/mnt/c/Users/joshua/Desktop/Git/image-gallery/client/src/components/map.jsx": {"path":"/mnt/c/Users/joshua/Desktop/Git/image-gallery/client/src/components/map.jsx","statementMap":{"0":{"start":{"line":19,"column":38},"end":{"line":19,"column":65}},"1":{"start":{"line":20,"column":21},"end":{"line":20,"column":49}},"2":{"start":{"line":21,"column":16},"end":{"line":27,"column":6}},"3":{"start":{"line":29,"column":19},"end":{"line":29,"column":60}},"4":{"start":{"line":35,"column":4},"end":{"line":37,"column":5}}},"fnMap":{"0":{"name":"(anonymous_0)","decl":{"start":{"line":14,"column":2},"end":{"line":14,"column":3}},"loc":{"start":{"line":14,"column":22},"end":{"line":32,"column":3}},"line":14},"1":{"name":"(anonymous_1)","decl":{"start":{"line":34,"column":2},"end":{"line":34,"column":3}},"loc":{"start":{"line":34,"column":11},"end":{"line":38,"column":3}},"line":34}},"branchMap":{},"s":{"0":1,"1":0,"2":0,"3":0,"4":1},"f":{"0":1,"1":1},"b":{},"_coverageSchema":"1a1c01bbd47fc00a2c39e90264f33305004495a9","hash":"90f3cb088e1385fee58c6ad0780e60a5f5c7e7db"}
,"/mnt/c/Users/joshua/Desktop/Git/image-gallery/client/src/components/modal.jsx": {"path":"/mnt/c/Users/joshua/Desktop/Git/image-gallery/client/src/components/modal.jsx","statementMap":{"0":{"start":{"line":6,"column":14},"end":{"line":29,"column":1}},"1":{"start":{"line":7,"column":18},"end":{"line":7,"column":30}},"2":{"start":{"line":8,"column":20},"end":{"line":8,"column":33}},"3":{"start":{"line":10,"column":27},"end":{"line":13,"column":3}},"4":{"start":{"line":11,"column":4},"end":{"line":11,"column":28}},"5":{"start":{"line":12,"column":4},"end":{"line":12,"column":47}},"6":{"start":{"line":15,"column":18},"end":{"line":21,"column":3}},"7":{"start":{"line":16,"column":4},"end":{"line":20,"column":5}},"8":{"start":{"line":17,"column":6},"end":{"line":17,"column":37}},"9":{"start":{"line":18,"column":6},"end":{"line":18,"column":53}},"10":{"start":{"line":18,"column":23},"end":{"line":18,"column":46}},"11":{"start":{"line":23,"column":2},"end":{"line":28,"column":3}}},"fnMap":{"0":{"name":"(anonymous_0)","decl":{"start":{"line":6,"column":14},"end":{"line":6,"column":15}},"loc":{"start":{"line":6,"column":32},"end":{"line":29,"column":1}},"line":6},"1":{"name":"(anonymous_1)","decl":{"start":{"line":10,"column":27},"end":{"line":10,"column":28}},"loc":{"start":{"line":10,"column":38},"end":{"line":13,"column":3}},"line":10},"2":{"name":"(anonymous_2)","decl":{"start":{"line":15,"column":18},"end":{"line":15,"column":19}},"loc":{"start":{"line":15,"column":29},"end":{"line":21,"column":3}},"line":15},"3":{"name":"(anonymous_3)","decl":{"start":{"line":18,"column":17},"end":{"line":18,"column":18}},"loc":{"start":{"line":18,"column":23},"end":{"line":18,"column":46}},"line":18}},"branchMap":{"0":{"loc":{"start":{"line":16,"column":4},"end":{"line":20,"column":5}},"type":"if","locations":[{"start":{"line":16,"column":4},"end":{"line":20,"column":5}},{"start":{"line":16,"column":4},"end":{"line":20,"column":5}}],"line":16}},"s":{"0":1,"1":5,"2":5,"3":5,"4":0,"5":0,"6":5,"7":2,"8":1,"9":1,"10":0,"11":5},"f":{"0":5,"1":0,"2":2,"3":0},"b":{"0":[1,1]},"_coverageSchema":"1a1c01bbd47fc00a2c39e90264f33305004495a9","hash":"48ac4c96a7d59d214f0c33633ac7f07c8141dd21"}
,"/mnt/c/Users/joshua/Desktop/Git/image-gallery/client/src/components/scheduleTour.jsx": {"path":"/mnt/c/Users/joshua/Desktop/Git/image-gallery/client/src/components/scheduleTour.jsx","statementMap":{"0":{"start":{"line":6,"column":17},"end":{"line":6,"column":208}},"1":{"start":{"line":9,"column":2},"end":{"line":15,"column":8}},"2":{"start":{"line":19,"column":2},"end":{"line":25,"column":8}},"3":{"start":{"line":29,"column":21},"end":{"line":95,"column":1}},"4":{"start":{"line":31,"column":2},"end":{"line":94,"column":8}},"5":{"start":{"line":60,"column":16},"end":{"line":68,"column":17}}},"fnMap":{"0":{"name":"(anonymous_0)","decl":{"start":{"line":29,"column":21},"end":{"line":29,"column":22}},"loc":{"start":{"line":31,"column":2},"end":{"line":94,"column":8}},"line":31},"1":{"name":"(anonymous_1)","decl":{"start":{"line":37,"column":22},"end":{"line":37,"column":23}},"loc":{"start":{"line":37,"column":28},"end":{"line":37,"column":30}},"line":37},"2":{"name":"(anonymous_2)","decl":{"start":{"line":59,"column":74},"end":{"line":59,"column":75}},"loc":{"start":{"line":59,"column":89},"end":{"line":69,"column":15}},"line":59}},"branchMap":{},"s":{"0":1,"1":1,"2":1,"3":1,"4":2,"5":14},"f":{"0":2,"1":0,"2":14},"b":{},"_coverageSchema":"1a1c01bbd47fc00a2c39e90264f33305004495a9","hash":"aa0130d819da25a00229c65def922e3d308b5b1a"}
,"/mnt/c/Users/joshua/Desktop/Git/image-gallery/client/src/components/slide.jsx": {"path":"/mnt/c/Users/joshua/Desktop/Git/image-gallery/client/src/components/slide.jsx","statementMap":{"0":{"start":{"line":5,"column":14},"end":{"line":15,"column":1}},"1":{"start":{"line":7,"column":2},"end":{"line":13,"column":13}}},"fnMap":{"0":{"name":"(anonymous_0)","decl":{"start":{"line":5,"column":14},"end":{"line":5,"column":15}},"loc":{"start":{"line":7,"column":2},"end":{"line":13,"column":13}},"line":7}},"branchMap":{},"s":{"0":1,"1":15},"f":{"0":15},"b":{},"_coverageSchema":"1a1c01bbd47fc00a2c39e90264f33305004495a9","hash":"08ea4f2aae387aa6da06a91778fc9a877feb9a52"}
,"/mnt/c/Users/joshua/Desktop/Git/image-gallery/client/src/components/styles.jsx": {"path":"/mnt/c/Users/joshua/Desktop/Git/image-gallery/client/src/components/styles.jsx","statementMap":{"0":{"start":{"line":3,"column":18},"end":{"line":26,"column":1}},"1":{"start":{"line":16,"column":26},"end":{"line":16,"column":44}},"2":{"start":{"line":18,"column":47},"end":{"line":18,"column":68}},"3":{"start":{"line":28,"column":17},"end":{"line":34,"column":1}},"4":{"start":{"line":30,"column":22},"end":{"line":30,"column":31}},"5":{"start":{"line":31,"column":28},"end":{"line":31,"column":40}},"6":{"start":{"line":32,"column":24},"end":{"line":32,"column":34}},"7":{"start":{"line":33,"column":26},"end":{"line":33,"column":37}},"8":{"start":{"line":36,"column":18},"end":{"line":38,"column":1}},"9":{"start":{"line":37,"column":41},"end":{"line":37,"column":46}},"10":{"start":{"line":40,"column":22},"end":{"line":45,"column":1}},"11":{"start":{"line":47,"column":25},"end":{"line":49,"column":1}},"12":{"start":{"line":51,"column":20},"end":{"line":61,"column":1}},"13":{"start":{"line":63,"column":24},"end":{"line":71,"column":1}}},"fnMap":{"0":{"name":"(anonymous_0)","decl":{"start":{"line":16,"column":12},"end":{"line":16,"column":13}},"loc":{"start":{"line":16,"column":26},"end":{"line":16,"column":44}},"line":16},"1":{"name":"(anonymous_1)","decl":{"start":{"line":18,"column":22},"end":{"line":18,"column":23}},"loc":{"start":{"line":18,"column":47},"end":{"line":18,"column":68}},"line":18},"2":{"name":"(anonymous_2)","decl":{"start":{"line":30,"column":9},"end":{"line":30,"column":10}},"loc":{"start":{"line":30,"column":22},"end":{"line":30,"column":31}},"line":30},"3":{"name":"(anonymous_3)","decl":{"start":{"line":31,"column":12},"end":{"line":31,"column":13}},"loc":{"start":{"line":31,"column":28},"end":{"line":31,"column":40}},"line":31},"4":{"name":"(anonymous_4)","decl":{"start":{"line":32,"column":10},"end":{"line":32,"column":11}},"loc":{"start":{"line":32,"column":24},"end":{"line":32,"column":34}},"line":32},"5":{"name":"(anonymous_5)","decl":{"start":{"line":33,"column":11},"end":{"line":33,"column":12}},"loc":{"start":{"line":33,"column":26},"end":{"line":33,"column":37}},"line":33},"6":{"name":"(anonymous_6)","decl":{"start":{"line":37,"column":26},"end":{"line":37,"column":27}},"loc":{"start":{"line":37,"column":41},"end":{"line":37,"column":46}},"line":37}},"branchMap":{"0":{"loc":{"start":{"line":16,"column":26},"end":{"line":16,"column":44}},"type":"binary-expr","locations":[{"start":{"line":16,"column":26},"end":{"line":16,"column":30}},{"start":{"line":16,"column":34},"end":{"line":16,"column":44}}],"line":16},"1":{"loc":{"start":{"line":18,"column":47},"end":{"line":18,"column":68}},"type":"binary-expr","locations":[{"start":{"line":18,"column":47},"end":{"line":18,"column":62}},{"start":{"line":18,"column":66},"end":{"line":18,"column":68}}],"line":18},"2":{"loc":{"start":{"line":30,"column":22},"end":{"line":30,"column":31}},"type":"binary-expr","locations":[{"start":{"line":30,"column":22},"end":{"line":30,"column":25}},{"start":{"line":30,"column":29},"end":{"line":30,"column":31}}],"line":30},"3":{"loc":{"start":{"line":31,"column":28},"end":{"line":31,"column":40}},"type":"binary-expr","locations":[{"start":{"line":31,"column":28},"end":{"line":31,"column":34}},{"start":{"line":31,"column":38},"end":{"line":31,"column":40}}],"line":31},"4":{"loc":{"start":{"line":32,"column":24},"end":{"line":32,"column":34}},"type":"binary-expr","locations":[{"start":{"line":32,"column":24},"end":{"line":32,"column":28}},{"start":{"line":32,"column":32},"end":{"line":32,"column":34}}],"line":32},"5":{"loc":{"start":{"line":33,"column":26},"end":{"line":33,"column":37}},"type":"binary-expr","locations":[{"start":{"line":33,"column":26},"end":{"line":33,"column":31}},{"start":{"line":33,"column":35},"end":{"line":33,"column":37}}],"line":33}},"s":{"0":1,"1":136,"2":136,"3":1,"4":38,"5":38,"6":38,"7":38,"8":1,"9":6,"10":1,"11":1,"12":1,"13":1},"f":{"0":136,"1":136,"2":38,"3":38,"4":38,"5":38,"6":6},"b":{"0":[136,135],"1":[136,135],"2":[38,21],"3":[38,14],"4":[38,23],"5":[38,14]},"_coverageSchema":"1a1c01bbd47fc00a2c39e90264f33305004495a9","hash":"f19b466482664421698b2e11c8fc90cb6902d85b"}
}
