TN:
SF:client/src/components/app.jsx
FN:10,(anonymous_0)
FN:28,(anonymous_1)
FN:34,(anonymous_2)
FN:36,(anonymous_3)
FN:37,(anonymous_4)
FN:38,(anonymous_5)
FN:41,(anonymous_6)
FNF:7
FNH:1
FNDA:7,(anonymous_0)
FNDA:0,(anonymous_1)
FNDA:0,(anonymous_2)
FNDA:0,(anonymous_3)
FNDA:0,(anonymous_4)
FNDA:0,(anonymous_5)
FNDA:0,(anonymous_6)
DA:10,1
DA:11,7
DA:12,7
DA:13,7
DA:14,7
DA:16,7
DA:29,0
DA:30,0
DA:31,0
DA:35,0
DA:36,0
DA:37,0
DA:38,0
DA:42,0
LF:14
LH:6
BRDA:14,0,0,7
BRDA:14,0,1,3
BRDA:22,1,0,7
BRDA:22,1,1,3
BRF:4
BRH:4
end_of_record
TN:
SF:client/src/components/buttons.jsx
FN:28,(anonymous_0)
FN:31,(anonymous_1)
FN:32,(anonymous_2)
FN:34,(anonymous_3)
FN:47,(anonymous_4)
FN:49,(anonymous_5)
FN:62,(anonymous_6)
FN:74,(anonymous_7)
FN:75,(anonymous_8)
FN:76,(anonymous_9)
FN:115,(anonymous_10)
FN:126,(anonymous_11)
FN:140,(anonymous_12)
FN:148,(anonymous_13)
FN:157,(anonymous_14)
FN:161,(anonymous_15)
FN:175,(anonymous_16)
FN:181,(anonymous_17)
FN:187,(anonymous_18)
FNF:19
FNH:19
FNDA:63,(anonymous_0)
FNDA:63,(anonymous_1)
FNDA:63,(anonymous_2)
FNDA:63,(anonymous_3)
FNDA:24,(anonymous_4)
FNDA:24,(anonymous_5)
FNDA:2,(anonymous_6)
FNDA:10,(anonymous_7)
FNDA:10,(anonymous_8)
FNDA:10,(anonymous_9)
FNDA:12,(anonymous_10)
FNDA:12,(anonymous_11)
FNDA:10,(anonymous_12)
FNDA:7,(anonymous_13)
FNDA:5,(anonymous_14)
FNDA:1,(anonymous_15)
FNDA:2,(anonymous_16)
FNDA:7,(anonymous_17)
FNDA:63,(anonymous_18)
DA:7,1
DA:10,1
DA:25,1
DA:28,63
DA:31,63
DA:32,63
DA:34,63
DA:38,1
DA:47,24
DA:49,24
DA:53,1
DA:60,1
DA:62,2
DA:67,1
DA:74,10
DA:75,10
DA:76,10
DA:87,1
DA:101,1
DA:115,1
DA:116,12
DA:126,1
DA:127,12
DA:137,1
DA:138,1
DA:140,1
DA:141,10
DA:148,1
DA:149,7
DA:157,1
DA:158,5
DA:159,5
DA:161,5
DA:162,1
DA:163,1
DA:166,5
DA:175,1
DA:176,2
DA:181,1
DA:182,7
DA:187,1
DA:188,63
DA:190,63
LF:43
LH:43
BRDA:28,0,0,9
BRDA:28,0,1,54
BRDA:31,1,0,9
BRDA:31,1,1,54
BRDA:32,2,0,9
BRDA:32,2,1,54
BRDA:34,3,0,9
BRDA:34,3,1,54
BRDA:143,4,0,5
BRDA:143,4,1,5
BRDA:175,5,0,2
BRDA:175,6,0,2
BRDA:187,7,0,0
BRF:13
BRH:12
end_of_record
TN:
SF:client/src/components/carousel.jsx
FN:7,(anonymous_0)
FN:17,(anonymous_1)
FN:18,(anonymous_2)
FNF:3
FNH:3
FNDA:5,(anonymous_0)
FNDA:10,(anonymous_1)
FNDA:3,(anonymous_2)
DA:7,1
DA:9,5
DA:11,5
DA:12,5
DA:13,5
DA:14,5
DA:15,5
DA:17,5
DA:18,10
DA:19,3
DA:20,3
DA:21,1
DA:23,2
DA:28,5
LF:14
LH:14
BRDA:12,0,0,3
BRDA:12,0,1,2
BRDA:15,1,0,0
BRDA:15,1,1,5
BRDA:17,2,0,5
BRDA:20,3,0,1
BRDA:20,3,1,2
BRDA:21,4,0,1
BRDA:21,4,1,0
BRF:9
BRH:7
end_of_record
TN:
SF:client/src/components/carouselFixed.jsx
FN:16,(anonymous_0)
FN:30,(anonymous_1)
FN:34,(anonymous_2)
FN:37,(anonymous_3)
FN:42,(anonymous_4)
FN:44,(anonymous_5)
FN:45,(anonymous_6)
FN:47,(anonymous_7)
FN:47,(anonymous_8)
FN:51,(anonymous_9)
FN:56,(anonymous_10)
FN:97,(anonymous_11)
FNF:12
FNH:6
FNDA:6,(anonymous_0)
FNDA:6,(anonymous_1)
FNDA:6,(anonymous_2)
FNDA:42,(anonymous_3)
FNDA:0,(anonymous_4)
FNDA:0,(anonymous_5)
FNDA:0,(anonymous_6)
FNDA:0,(anonymous_7)
FNDA:0,(anonymous_8)
FNDA:0,(anonymous_9)
FNDA:12,(anonymous_10)
FNDA:84,(anonymous_11)
DA:6,1
DA:17,6
DA:18,6
DA:24,6
DA:25,6
DA:26,6
DA:27,6
DA:31,6
DA:32,6
DA:35,6
DA:36,6
DA:37,42
DA:38,6
DA:39,6
DA:43,0
DA:44,0
DA:45,0
DA:46,0
DA:47,0
DA:52,0
DA:53,0
DA:57,12
DA:58,12
DA:60,12
DA:98,84
DA:105,84
LF:26
LH:19
BRDA:42,0,0,0
BRDA:64,1,0,12
BRDA:64,1,1,0
BRDA:64,1,2,0
BRDA:66,2,0,0
BRDA:66,2,1,0
BRDA:80,3,0,12
BRDA:80,3,1,0
BRDA:80,3,2,0
BRDA:82,4,0,0
BRDA:82,4,1,0
BRF:11
BRH:2
end_of_record
TN:
SF:client/src/components/container.jsx
FN:12,(anonymous_0)
FN:15,(anonymous_1)
FN:16,(anonymous_2)
FN:69,(anonymous_3)
FNF:4
FNH:3
FNDA:5,(anonymous_0)
FNDA:5,(anonymous_1)
FNDA:0,(anonymous_2)
FNDA:35,(anonymous_3)
DA:12,1
DA:13,5
DA:15,5
DA:16,5
DA:19,5
DA:21,5
DA:59,5
DA:61,5
DA:63,5
DA:64,5
DA:69,35
LF:11
LH:11
BRDA:61,0,0,5
BRDA:61,0,1,0
BRF:2
BRH:1
end_of_record
TN:
SF:client/src/components/containerHeader.jsx
FN:8,(anonymous_0)
FN:12,(anonymous_1)
FNF:2
FNH:2
FNDA:5,(anonymous_0)
FNDA:35,(anonymous_1)
DA:8,1
DA:9,5
DA:12,35
LF:3
LH:3
BRF:0
BRH:0
end_of_record
TN:
SF:client/src/components/containerMap.jsx
FN:7,(anonymous_0)
FNF:1
FNH:1
FNDA:1,(anonymous_0)
DA:7,1
DA:8,1
LF:2
LH:2
BRF:0
BRH:0
end_of_record
TN:
SF:client/src/components/containerMedia.jsx
FN:9,(anonymous_0)
FNF:1
FNH:1
FNDA:1,(anonymous_0)
DA:9,1
DA:10,1
LF:2
LH:2
BRDA:17,0,0,1
BRDA:17,0,1,0
BRF:2
BRH:1
end_of_record
TN:
SF:client/src/components/mainImage.jsx
FN:7,(anonymous_0)
FN:30,(anonymous_1)
FNF:2
FNH:2
FNDA:7,(anonymous_0)
FNDA:7,(anonymous_1)
DA:7,1
DA:8,7
DA:9,7
DA:10,7
DA:12,7
DA:30,7
LF:6
LH:6
BRF:0
BRH:0
end_of_record
TN:
SF:client/src/components/map.jsx
FN:14,(anonymous_0)
FN:34,(anonymous_1)
FNF:2
FNH:2
FNDA:1,(anonymous_0)
FNDA:1,(anonymous_1)
DA:19,1
DA:20,0
DA:21,0
DA:29,0
DA:35,1
LF:5
LH:2
BRF:0
BRH:0
end_of_record
TN:
SF:client/src/components/modal.jsx
FN:6,(anonymous_0)
FN:10,(anonymous_1)
FN:15,(anonymous_2)
FN:18,(anonymous_3)
FNF:4
FNH:2
FNDA:5,(anonymous_0)
FNDA:0,(anonymous_1)
FNDA:2,(anonymous_2)
FNDA:0,(anonymous_3)
DA:6,1
DA:7,5
DA:8,5
DA:10,5
DA:11,0
DA:12,0
DA:15,5
DA:16,2
DA:17,1
DA:18,1
DA:23,5
LF:11
LH:9
BRDA:16,0,0,1
BRDA:16,0,1,1
BRF:2
BRH:2
end_of_record
TN:
SF:client/src/components/scheduleTour.jsx
FN:29,(anonymous_0)
FN:37,(anonymous_1)
FN:59,(anonymous_2)
FNF:3
FNH:2
FNDA:2,(anonymous_0)
FNDA:0,(anonymous_1)
FNDA:14,(anonymous_2)
DA:6,1
DA:9,1
DA:19,1
DA:29,1
DA:31,2
DA:60,14
LF:6
LH:6
BRF:0
BRH:0
end_of_record
TN:
SF:client/src/components/slide.jsx
FN:5,(anonymous_0)
FNF:1
FNH:1
FNDA:15,(anonymous_0)
DA:5,1
DA:7,15
LF:2
LH:2
BRF:0
BRH:0
end_of_record
TN:
SF:client/src/components/styles.jsx
FN:16,(anonymous_0)
FN:18,(anonymous_1)
FN:30,(anonymous_2)
FN:31,(anonymous_3)
FN:32,(anonymous_4)
FN:33,(anonymous_5)
FN:37,(anonymous_6)
FNF:7
FNH:7
FNDA:136,(anonymous_0)
FNDA:136,(anonymous_1)
FNDA:38,(anonymous_2)
FNDA:38,(anonymous_3)
FNDA:38,(anonymous_4)
FNDA:38,(anonymous_5)
FNDA:6,(anonymous_6)
DA:3,1
DA:16,136
DA:18,136
DA:28,1
DA:30,38
DA:31,38
DA:32,38
DA:33,38
DA:36,1
DA:37,6
DA:40,1
DA:47,1
DA:51,1
DA:63,1
LF:14
LH:14
BRDA:16,0,0,136
BRDA:16,0,1,135
BRDA:18,1,0,136
BRDA:18,1,1,135
BRDA:30,2,0,38
BRDA:30,2,1,21
BRDA:31,3,0,38
BRDA:31,3,1,14
BRDA:32,4,0,38
BRDA:32,4,1,23
BRDA:33,5,0,38
BRDA:33,5,1,14
BRF:12
BRH:12
end_of_record
